<?xml version="1.0" encoding="UTF-8"?>
<!-- Generated by org.testng.reporters.JUnitXMLReporter -->
<testsuite hostname="Chaitanya4" name="Personal Loan" tests="4" failures="0" timestamp="29 Jun 2021 17:19:58 GMT" time="0.053" errors="0">
  <testcase name="HomeloanMobilelogin" time="0.015" classname="com.TestNg.practise.day1"/>
  <testcase name="HomeloanWeblogin" time="0.004" classname="com.TestNg.practise.day1"/>
  <testcase name="PersonalLoanMobileLogin" time="0.002" classname="com.TestNg.practise.day2"/>
  <testcase name="PersonalLoanWebLogin" time="0.002" classname="com.TestNg.practise.day2"/>
</testsuite> <!-- Personal Loan -->
